0 info it worked if it ends with ok
1 verbose cli [ 'node',
1 verbose cli   '/home/ubuntu/.nvm/versions/node/v0.12.7/bin/npm',
1 verbose cli   'start' ]
2 info using npm@2.13.4
3 info using node@v0.12.7
4 verbose run-script [ 'prestart', 'start', 'poststart' ]
5 info prestart @
6 info start @
7 verbose unsafe-perm in lifecycle true
8 info @ Failed to exec start script
9 verbose stack Error: @ start: `node server/server.js`
9 verbose stack Exit status 137
9 verbose stack     at EventEmitter.<anonymous> (/home/ubuntu/.nvm/versions/node/v0.12.7/lib/node_modules/npm/lib/utils/lifecycle.js:214:16)
9 verbose stack     at EventEmitter.emit (events.js:110:17)
9 verbose stack     at ChildProcess.<anonymous> (/home/ubuntu/.nvm/versions/node/v0.12.7/lib/node_modules/npm/lib/utils/spawn.js:24:14)
9 verbose stack     at ChildProcess.emit (events.js:110:17)
9 verbose stack     at maybeClose (child_process.js:1015:16)
9 verbose stack     at Process.ChildProcess._handle.onexit (child_process.js:1087:5)
10 verbose pkgid @
11 verbose cwd /home/ubuntu/workspace
12 error Linux 3.14.13-c9
13 error argv "node" "/home/ubuntu/.nvm/versions/node/v0.12.7/bin/npm" "start"
14 error node v0.12.7
15 error npm  v2.13.4
16 error code ELIFECYCLE
17 error @ start: `node server/server.js`
17 error Exit status 137
18 error Failed at the @ start script 'node server/server.js'.
18 error This is most likely a problem with the  package,
18 error not with npm itself.
18 error Tell the author that this fails on your system:
18 error     node server/server.js
18 error You can get their info via:
18 error     npm owner ls
18 error There is likely additional logging output above.
19 verbose exit [ 1, true ]
